<?xml version="1.0" encoding="UTF-8"?>
<!-- Generated by org.testng.reporters.JUnitXMLReporter -->
<testsuite ignored="0" hostname="Avijit-PC" failures="0" tests="6" name="Command line test" time="40.132" errors="0" timestamp="2023-08-25T16:56:54 BST">
  <testcase classname="TestOrangeHRM" name="testOrangeHRM" time="2.655"/>
  <testcase classname="TestOrangeHRM" name="testOrangeHRM" time="2.619"/>
  <testcase classname="TestRunner" name="testWebFormApplicationwithObjTestData" time="5.448"/>
  <testcase classname="TestRunner" name="testWebFormApplicationwithObjTestData" time="5.302"/>
  <testcase classname="TestRunner" name="testWebFormApplicationwithObjTestData" time="5.286"/>
  <testcase classname="TestRunner1" name="testWebFormApplication" time="0.283"/>
</testsuite> <!-- Command line test -->
