<?xml version="1.0" encoding="UTF-8"?>
<testng-results ignored="0" total="6" passed="6" failed="0" skipped="0">
  <reporter-output>
  </reporter-output>
  <suite started-at="2023-08-25T16:56:14 BST" name="Command line suite" finished-at="2023-08-25T16:56:54 BST" duration-ms="40132">
    <groups>
    </groups>
    <test started-at="2023-08-25T16:56:14 BST" name="Command line test" finished-at="2023-08-25T16:56:54 BST" duration-ms="40132">
      <class name="TestRunner">
        <test-method is-config="true" signature="initialize()[pri:0, instance:TestRunner@57d5872c]" started-at="2023-08-25T16:56:25 BST" name="initialize" finished-at="2023-08-25T16:56:27 BST" duration-ms="1492" status="PASS">
          <reporter-output>
          </reporter-output>
        </test-method> <!-- initialize -->
        <test-method signature="testWebFormApplicationwithObjTestData(com.util.TestDataObject)[pri:0, instance:TestRunner@57d5872c]" started-at="2023-08-25T16:56:27 BST" name="testWebFormApplicationwithObjTestData" data-provider="testdata1" finished-at="2023-08-25T16:56:32 BST" duration-ms="5448" status="PASS">
          <params>
            <param index="0">
              <value>
                <![CDATA[com.util.TestDataObject@2bc12da]]>
              </value>
            </param>
          </params>
          <reporter-output>
          </reporter-output>
        </test-method> <!-- testWebFormApplicationwithObjTestData -->
        <test-method is-config="true" signature="quitDriver()[pri:0, instance:TestRunner@57d5872c]" started-at="2023-08-25T16:56:32 BST" name="quitDriver" finished-at="2023-08-25T16:56:34 BST" duration-ms="1613" status="PASS">
          <reporter-output>
          </reporter-output>
        </test-method> <!-- quitDriver -->
        <test-method is-config="true" signature="initialize()[pri:0, instance:TestRunner@57d5872c]" started-at="2023-08-25T16:56:34 BST" name="initialize" finished-at="2023-08-25T16:56:35 BST" duration-ms="1537" status="PASS">
          <reporter-output>
          </reporter-output>
        </test-method> <!-- initialize -->
        <test-method signature="testWebFormApplicationwithObjTestData(com.util.TestDataObject)[pri:0, instance:TestRunner@57d5872c]" started-at="2023-08-25T16:56:35 BST" name="testWebFormApplicationwithObjTestData" data-provider="testdata1" finished-at="2023-08-25T16:56:40 BST" duration-ms="5302" status="PASS">
          <params>
            <param index="0">
              <value>
                <![CDATA[com.util.TestDataObject@29a23c3d]]>
              </value>
            </param>
          </params>
          <reporter-output>
          </reporter-output>
        </test-method> <!-- testWebFormApplicationwithObjTestData -->
        <test-method is-config="true" signature="quitDriver()[pri:0, instance:TestRunner@57d5872c]" started-at="2023-08-25T16:56:40 BST" name="quitDriver" finished-at="2023-08-25T16:56:42 BST" duration-ms="1604" status="PASS">
          <reporter-output>
          </reporter-output>
        </test-method> <!-- quitDriver -->
        <test-method is-config="true" signature="initialize()[pri:0, instance:TestRunner@57d5872c]" started-at="2023-08-25T16:56:42 BST" name="initialize" finished-at="2023-08-25T16:56:43 BST" duration-ms="1455" status="PASS">
          <reporter-output>
          </reporter-output>
        </test-method> <!-- initialize -->
        <test-method signature="testWebFormApplicationwithObjTestData(com.util.TestDataObject)[pri:0, instance:TestRunner@57d5872c]" started-at="2023-08-25T16:56:43 BST" name="testWebFormApplicationwithObjTestData" data-provider="testdata1" finished-at="2023-08-25T16:56:49 BST" duration-ms="5286" status="PASS">
          <params>
            <param index="0">
              <value>
                <![CDATA[com.util.TestDataObject@4b6ac111]]>
              </value>
            </param>
          </params>
          <reporter-output>
          </reporter-output>
        </test-method> <!-- testWebFormApplicationwithObjTestData -->
        <test-method is-config="true" signature="quitDriver()[pri:0, instance:TestRunner@57d5872c]" started-at="2023-08-25T16:56:49 BST" name="quitDriver" finished-at="2023-08-25T16:56:50 BST" duration-ms="1650" status="PASS">
          <reporter-output>
          </reporter-output>
        </test-method> <!-- quitDriver -->
      </class> <!-- TestRunner -->
      <class name="TestOrangeHRM">
        <test-method is-config="true" signature="initiateWebDriver()[pri:0, instance:TestOrangeHRM@dd3b207]" started-at="2023-08-25T16:56:14 BST" name="initiateWebDriver" finished-at="2023-08-25T16:56:17 BST" duration-ms="2418" status="PASS">
          <reporter-output>
          </reporter-output>
        </test-method> <!-- initiateWebDriver -->
        <test-method signature="testOrangeHRM(com.util.TestDataObject)[pri:0, instance:TestOrangeHRM@dd3b207]" started-at="2023-08-25T16:56:17 BST" name="testOrangeHRM" data-provider="orangedata" finished-at="2023-08-25T16:56:19 BST" duration-ms="2655" status="PASS">
          <params>
            <param index="0">
              <value>
                <![CDATA[com.util.TestDataObject@3122b117]]>
              </value>
            </param>
          </params>
          <reporter-output>
          </reporter-output>
        </test-method> <!-- testOrangeHRM -->
        <test-method is-config="true" signature="quitDriver()[pri:0, instance:TestOrangeHRM@dd3b207]" started-at="2023-08-25T16:56:19 BST" name="quitDriver" finished-at="2023-08-25T16:56:20 BST" duration-ms="605" status="PASS">
          <reporter-output>
          </reporter-output>
        </test-method> <!-- quitDriver -->
        <test-method is-config="true" signature="initiateWebDriver()[pri:0, instance:TestOrangeHRM@dd3b207]" started-at="2023-08-25T16:56:20 BST" name="initiateWebDriver" finished-at="2023-08-25T16:56:22 BST" duration-ms="1892" status="PASS">
          <reporter-output>
          </reporter-output>
        </test-method> <!-- initiateWebDriver -->
        <test-method signature="testOrangeHRM(com.util.TestDataObject)[pri:0, instance:TestOrangeHRM@dd3b207]" started-at="2023-08-25T16:56:22 BST" name="testOrangeHRM" data-provider="orangedata" finished-at="2023-08-25T16:56:24 BST" duration-ms="2619" status="PASS">
          <params>
            <param index="0">
              <value>
                <![CDATA[com.util.TestDataObject@534ca02b]]>
              </value>
            </param>
          </params>
          <reporter-output>
          </reporter-output>
        </test-method> <!-- testOrangeHRM -->
        <test-method is-config="true" signature="quitDriver()[pri:0, instance:TestOrangeHRM@dd3b207]" started-at="2023-08-25T16:56:24 BST" name="quitDriver" finished-at="2023-08-25T16:56:25 BST" duration-ms="590" status="PASS">
          <reporter-output>
          </reporter-output>
        </test-method> <!-- quitDriver -->
      </class> <!-- TestOrangeHRM -->
      <class name="TestRunner1">
        <test-method is-config="true" signature="initialize()[pri:0, instance:TestRunner1@667a738]" started-at="2023-08-25T16:56:50 BST" name="initialize" finished-at="2023-08-25T16:56:52 BST" duration-ms="1447" status="PASS">
          <reporter-output>
          </reporter-output>
        </test-method> <!-- initialize -->
        <test-method signature="testWebFormApplication()[pri:0, instance:TestRunner1@667a738]" started-at="2023-08-25T16:56:52 BST" name="testWebFormApplication" finished-at="2023-08-25T16:56:52 BST" duration-ms="283" status="PASS">
          <reporter-output>
          </reporter-output>
        </test-method> <!-- testWebFormApplication -->
        <test-method is-config="true" signature="quitDriver()[pri:0, instance:TestRunner1@667a738]" started-at="2023-08-25T16:56:52 BST" name="quitDriver" finished-at="2023-08-25T16:56:54 BST" duration-ms="1648" status="PASS">
          <reporter-output>
          </reporter-output>
        </test-method> <!-- quitDriver -->
      </class> <!-- TestRunner1 -->
    </test> <!-- Command line test -->
  </suite> <!-- Command line suite -->
</testng-results>
